[2023-04-01 23:58:30,206][HYDRA] Submitit 'slurm' sweep output dir : logs/hydra/2023_04_01_23_58_29
[2023-04-01 23:58:30,208][HYDRA] 	#0 : train.epochs=2000 dataset.name=Kaplan2020
[2023-04-01 23:58:30,214][HYDRA] 	#1 : train.epochs=2000 dataset.name=Uzel2022
[2023-04-01 23:58:30,219][HYDRA] 	#2 : train.epochs=2000 dataset.name=Flavell2023
[2023-04-01 23:58:30,224][HYDRA] 	#3 : train.epochs=5000 dataset.name=Kaplan2020
[2023-04-01 23:58:30,229][HYDRA] 	#4 : train.epochs=5000 dataset.name=Uzel2022
[2023-04-01 23:58:30,234][HYDRA] 	#5 : train.epochs=5000 dataset.name=Flavell2023
Error executing job with overrides: ['train.epochs=2000', 'dataset.name=Kaplan2020']
Traceback (most recent call last):
  File "/net/vast-storage/scratch/vast/yanglab/kyzhao/worm-graph/main.py", line 45, in <module>
    pipeline()
  File "/home/kyzhao/.local/lib/python3.9/site-packages/hydra/main.py", line 94, in decorated_main
    _run_hydra(
  File "/home/kyzhao/.local/lib/python3.9/site-packages/hydra/_internal/utils.py", line 394, in _run_hydra
    _run_app(
  File "/home/kyzhao/.local/lib/python3.9/site-packages/hydra/_internal/utils.py", line 465, in _run_app
    run_and_report(
  File "/home/kyzhao/.local/lib/python3.9/site-packages/hydra/_internal/utils.py", line 223, in run_and_report
    raise ex
  File "/home/kyzhao/.local/lib/python3.9/site-packages/hydra/_internal/utils.py", line 220, in run_and_report
    return func()
  File "/home/kyzhao/.local/lib/python3.9/site-packages/hydra/_internal/utils.py", line 466, in <lambda>
    lambda: hydra.multirun(
  File "/home/kyzhao/.local/lib/python3.9/site-packages/hydra/_internal/hydra.py", line 162, in multirun
    ret = sweeper.sweep(arguments=task_overrides)
  File "/home/kyzhao/.local/lib/python3.9/site-packages/hydra/_internal/core_plugins/basic_sweeper.py", line 181, in sweep
    _ = r.return_value
  File "/home/kyzhao/.local/lib/python3.9/site-packages/hydra/core/utils.py", line 260, in return_value
    raise self._return_value
RuntimeError: mat1 and mat2 must have the same dtype
[2023-04-02 00:03:42,568][HYDRA] Submitit 'slurm' sweep output dir : logs/hydra/2023_04_02_00_03_41
[2023-04-02 00:03:42,570][HYDRA] 	#0 : train.epochs=2000 dataset.name=Kaplan2020
[2023-04-02 00:03:42,575][HYDRA] 	#1 : train.epochs=2000 dataset.name=Uzel2022
[2023-04-02 00:03:42,580][HYDRA] 	#2 : train.epochs=2000 dataset.name=Flavell2023
[2023-04-02 00:03:42,586][HYDRA] 	#3 : train.epochs=5000 dataset.name=Kaplan2020
[2023-04-02 00:03:42,591][HYDRA] 	#4 : train.epochs=5000 dataset.name=Uzel2022
[2023-04-02 00:03:42,596][HYDRA] 	#5 : train.epochs=5000 dataset.name=Flavell2023
Error executing job with overrides: ['train.epochs=2000', 'dataset.name=Kaplan2020']
Traceback (most recent call last):
  File "/net/vast-storage/scratch/vast/yanglab/kyzhao/worm-graph/main.py", line 45, in <module>
    pipeline()
  File "/home/kyzhao/.local/lib/python3.9/site-packages/hydra/main.py", line 94, in decorated_main
    _run_hydra(
  File "/home/kyzhao/.local/lib/python3.9/site-packages/hydra/_internal/utils.py", line 394, in _run_hydra
    _run_app(
  File "/home/kyzhao/.local/lib/python3.9/site-packages/hydra/_internal/utils.py", line 465, in _run_app
    run_and_report(
  File "/home/kyzhao/.local/lib/python3.9/site-packages/hydra/_internal/utils.py", line 223, in run_and_report
    raise ex
  File "/home/kyzhao/.local/lib/python3.9/site-packages/hydra/_internal/utils.py", line 220, in run_and_report
    return func()
  File "/home/kyzhao/.local/lib/python3.9/site-packages/hydra/_internal/utils.py", line 466, in <lambda>
    lambda: hydra.multirun(
  File "/home/kyzhao/.local/lib/python3.9/site-packages/hydra/_internal/hydra.py", line 162, in multirun
    ret = sweeper.sweep(arguments=task_overrides)
  File "/home/kyzhao/.local/lib/python3.9/site-packages/hydra/_internal/core_plugins/basic_sweeper.py", line 181, in sweep
    _ = r.return_value
  File "/home/kyzhao/.local/lib/python3.9/site-packages/hydra/core/utils.py", line 260, in return_value
    raise self._return_value
RuntimeError: mat1 and mat2 must have the same dtype
