Traceback (most recent call last):
  File "/net/vast-storage/scratch/vast/yanglab/lrvenan/worm-graph/main.py", line 98, in <module>
    pipeline()
  File "/home/lrvenan/.local/lib/python3.9/site-packages/hydra/main.py", line 94, in decorated_main
    _run_hydra(
  File "/home/lrvenan/.local/lib/python3.9/site-packages/hydra/_internal/utils.py", line 394, in _run_hydra
    _run_app(
  File "/home/lrvenan/.local/lib/python3.9/site-packages/hydra/_internal/utils.py", line 465, in _run_app
    run_and_report(
  File "/home/lrvenan/.local/lib/python3.9/site-packages/hydra/_internal/utils.py", line 223, in run_and_report
    raise ex
  File "/home/lrvenan/.local/lib/python3.9/site-packages/hydra/_internal/utils.py", line 220, in run_and_report
    return func()
  File "/home/lrvenan/.local/lib/python3.9/site-packages/hydra/_internal/utils.py", line 466, in <lambda>
    lambda: hydra.multirun(
  File "/home/lrvenan/.local/lib/python3.9/site-packages/hydra/_internal/hydra.py", line 162, in multirun
    ret = sweeper.sweep(arguments=task_overrides)
  File "/home/lrvenan/.local/lib/python3.9/site-packages/hydra/_internal/core_plugins/basic_sweeper.py", line 177, in sweep
    results = self.launcher.launch(batch, initial_job_idx=initial_job_idx)
  File "/home/lrvenan/.local/lib/python3.9/site-packages/hydra_plugins/hydra_submitit_launcher/submitit_launcher.py", line 146, in launch
    return [j.results()[0] for j in jobs]
  File "/home/lrvenan/.local/lib/python3.9/site-packages/hydra_plugins/hydra_submitit_launcher/submitit_launcher.py", line 146, in <listcomp>
    return [j.results()[0] for j in jobs]
  File "/home/lrvenan/.local/lib/python3.9/site-packages/submitit/core/core.py", line 289, in results
    outcome, result = self._get_outcome_and_result()
  File "/home/lrvenan/.local/lib/python3.9/site-packages/submitit/core/core.py", line 384, in _get_outcome_and_result
    raise utils.UncompletedJobError("\n".join(message))
submitit.core.utils.UncompletedJobError: Job 32030781_0 (task: 0) with path /net/vast-storage/scratch/vast/yanglab/lrvenan/worm-graph/logs/hydra/2023_08_14_16_14_07/.submitit/32030781_0/32030781_0_0_result.pkl
has not produced any output (state: OUT_OF_MEMORY)
Error stream produced:
----------------------------------------
slurmstepd: error: Detected 1 oom-kill event(s) in StepId=32030782.0. Some of your processes may have been killed by the cgroup out-of-memory handler.
srun: error: node056: task 0: Out Of Memory
slurmstepd: error: Detected 1 oom-kill event(s) in StepId=32030782.batch. Some of your processes may have been killed by the cgroup out-of-memory handler.

